a:4:{s:8:"feedinfo";a:3:{s:4:"type";s:3:"RSS";s:7:"version";s:3:"2.0";s:8:"encoding";s:5:"UTF-8";}s:4:"info";a:5:{s:4:"link";a:1:{s:9:"alternate";a:1:{i:0;s:60:"http://governor.arkansas.gov/newsroom/files/newsreleases.xml";}}s:5:"title";s:44:"Arkansas Governor Mike Beebe : News Releases";s:11:"description";s:61:"News Releases from the office of Arkansas Governor Mike Beebe";s:8:"language";s:5:"en-us";s:9:"copyright";s:36:"2007 Information Network of Arkansas";}s:5:"items";a:56:{i:0;O:14:"SimplePie_Item":1:{s:4:"data";a:5:{s:5:"title";s:63:"Governor Beebe Requests Extension For SBA Loans In Desha County";s:11:"description";s:395:"LITTLE ROCK - Governor Mike Beebe today sent a letter to the U.S. Small Business Administration asking for a 30-day extension for the SBA's loan-application deadline.  The current deadline, under the economic disaster declaration made by the SBA after the Dumas tornadoes, is May 11.

"(Our citizens) continue to work toward re-establishing their lives, work base, and community," Beebe...<br />";s:4:"link";a:1:{s:9:"alternate";a:1:{i:0;s:79:"http://governor.arkansas.gov/newsroom/index.php?do:newsDetail=1&amp;news_id=152";}}s:7:"pubdate";i:1178773200;s:8:"category";a:1:{i:0;s:13:"News Releases";}}}i:1;O:14:"SimplePie_Item":1:{s:4:"data";a:5:{s:5:"title";s:66:"Governor Beebe Announces 15 Appointments To Boards And Commissions";s:11:"description";s:394:"LITTLE ROCK -- Governor Mike Beebe today announced the following appointments to Arkansas boards and commissions:

Bill Booker, Little Rock, reappointed to the Arkansas Cemetery Board.  Appointment expires January 15, 2011.

Scottie Burchett, Alexander, to the State Board of Cosmetology.  Expiration date to be determined by the drawing of lots.

Cathy Caver-Blade, Hot Springs, to th...<br />";s:4:"link";a:1:{s:9:"alternate";a:1:{i:0;s:79:"http://governor.arkansas.gov/newsroom/index.php?do:newsDetail=1&amp;news_id=151";}}s:7:"pubdate";i:1178686800;s:8:"category";a:1:{i:0;s:13:"News Releases";}}}i:2;O:14:"SimplePie_Item":1:{s:4:"data";a:5:{s:5:"title";s:59:"Governor Beebe Announces New Arkansas State Police Director";s:11:"description";s:394:"LITTLE ROCK -- Governor Mike Beebe has named retired Arkansas State Police Captain Winford Phillips of Fayetteville as the new director of the Arkansas State Police.

"Winford Phillips has earned the respect and friendship of his fellow Troopers during almost four decades of service at nearly every level of the Arkansas State Police," Beebe said. "His extensive experience on patrol ...<br />";s:4:"link";a:1:{s:9:"alternate";a:1:{i:0;s:79:"http://governor.arkansas.gov/newsroom/index.php?do:newsDetail=1&amp;news_id=149";}}s:7:"pubdate";i:1178600400;s:8:"category";a:1:{i:0;s:13:"News Releases";}}}i:3;O:14:"SimplePie_Item":1:{s:4:"data";a:5:{s:5:"title";s:66:"Governor Beebe Announces 19 Appointments To Boards And Commissions";s:11:"description";s:394:"(LITTLE ROCK) - Governor Mike Beebe today announced the following appointments to Arkansas boards and commissions:

Nancy Arn, El Dorado, reappointed to the Information Network of Arkansas.  Appointment expires December 31, 2009.

Ben Blankenship, Benton, to the State Emergency Response Commission.  Appointment expires January 14, 2011.  Replaces Dennis Miller.

James Burns, Arkadel...<br />";s:4:"link";a:1:{s:9:"alternate";a:1:{i:0;s:79:"http://governor.arkansas.gov/newsroom/index.php?do:newsDetail=1&amp;news_id=148";}}s:7:"pubdate";i:1178254800;s:8:"category";a:1:{i:0;s:13:"News Releases";}}}i:4;O:14:"SimplePie_Item":1:{s:4:"data";a:5:{s:5:"title";s:59:"Beebe Announces Departure Of Arkansas State Police Director";s:11:"description";s:406:"Governor Mike Beebe announced today that Colonel Steve Dozier, Director of the Arkansas State Police, will resign his position with ASP to become Vice President of Corporate Services at Wal-Mart Stores, Inc.  Dozier was appointed Director of the Arkansas State Police in June 2004, and was asked by Governor Beebe to continue as Director under the new administration.

"Colonel Dozier has dedicate...<br />";s:4:"link";a:1:{s:9:"alternate";a:1:{i:0;s:79:"http://governor.arkansas.gov/newsroom/index.php?do:newsDetail=1&amp;news_id=145";}}s:7:"pubdate";i:1178168400;s:8:"category";a:1:{i:0;s:13:"News Releases";}}}i:5;O:14:"SimplePie_Item":1:{s:4:"data";a:5:{s:5:"title";s:86:"Governor Beebe Announces Decision To Seperate Departments Of Health And Human Services";s:11:"description";s:406:"LITTLE ROCK -- Governor Mike Beebe announced today that he has signed an executive order to separate the Arkansas Departments of Health and Human Services into two independent agencies.  Effective July 1, 2007, DHHS will become the Department of Human Services and the Department of Health.

"Both agencies are stronger for the experience of having worked together," Beebe said.  "But after carefu...<br />";s:4:"link";a:1:{s:9:"alternate";a:1:{i:0;s:79:"http://governor.arkansas.gov/newsroom/index.php?do:newsDetail=1&amp;news_id=144";}}s:7:"pubdate";i:1178168400;s:8:"category";a:1:{i:0;s:13:"News Releases";}}}i:6;O:14:"SimplePie_Item":1:{s:4:"data";a:5:{s:5:"title";s:66:"Governor Beebe Announces 13 Appointments To Boards And Commissions";s:11:"description";s:394:"(LITTLE ROCK) - Governor Mike Beebe today announced the following appointments to Arkansas boards and commissions:

Cheryl Chapman, Little Rock, to the Arkansas Service Commission.  Appointment expires January 14, 2010.  Replaces Wendell Grubb.

Dianne Curry, Little Rock, reappointed to the Arkansas Service Commission.  Appointment expires January 14, 2010.

Terry Dabbs, Stuttgart, ...<br />";s:4:"link";a:1:{s:9:"alternate";a:1:{i:0;s:79:"http://governor.arkansas.gov/newsroom/index.php?do:newsDetail=1&amp;news_id=142";}}s:7:"pubdate";i:1177563600;s:8:"category";a:1:{i:0;s:13:"News Releases";}}}i:7;O:14:"SimplePie_Item":1:{s:4:"data";a:5:{s:5:"title";s:74:"Governor Beebe Adds Four Counties To Emergency Declaration For Crop Damage";s:11:"description";s:399:"LITTLE ROCK - Governor Mike Beebe has amended his recent proclamation, declaring a state of emergency in an additional four counties that suffered crop damage in early April due to record-low temperatures.  The latest declared counties are Garland, Jefferson, Lincoln, and Perry Counties.  More counties may continue to be added to the list as additional damage assessments are submitted.

...<br />";s:4:"link";a:1:{s:9:"alternate";a:1:{i:0;s:79:"http://governor.arkansas.gov/newsroom/index.php?do:newsDetail=1&amp;news_id=138";}}s:7:"pubdate";i:1177390800;s:8:"category";a:1:{i:0;s:13:"News Releases";}}}i:8;O:14:"SimplePie_Item":1:{s:4:"data";a:5:{s:5:"title";s:66:"Governor Beebe Announces 18 Appointments To Boards And Commissions";s:11:"description";s:394:"LITTLE ROCK - Governor Mike Beebe today announced the following appointments to Arkansas boards and commissions:

Brandi Anderson, Sherwood, reappointed to the Petroleum Storage Tanks Advisory Council. Appointment expires December 31, 2010.

Aubrey Blackmon, Houston, to the Arkansas Beef Council.  Appointment expires March 30, 2010.  Replaces Leland Jackson.

Daniel Broughton, Jacks...<br />";s:4:"link";a:1:{s:9:"alternate";a:1:{i:0;s:79:"http://governor.arkansas.gov/newsroom/index.php?do:newsDetail=1&amp;news_id=134";}}s:7:"pubdate";i:1177304400;s:8:"category";a:1:{i:0;s:13:"News Releases";}}}i:9;O:14:"SimplePie_Item":1:{s:4:"data";a:5:{s:5:"title";s:53:"Governor Beebe Statement On The Death Of Helen Walton";s:11:"description";s:370:""Helen Walton lived the American dream and shared that success with Arkansas.  She helped set the standard for philanthropy in our state as the guiding hand of the Walton Family Foundation and the Walton Arts Center.  Her family changed business throughout the world and Helen worked to make sure that Arkansas benefited from their success." - Governor Mike Beebe.<br />";s:4:"link";a:1:{s:9:"alternate";a:1:{i:0;s:79:"http://governor.arkansas.gov/newsroom/index.php?do:newsDetail=1&amp;news_id=131";}}s:7:"pubdate";i:1177045200;s:8:"category";a:1:{i:0;s:13:"News Releases";}}}i:10;O:14:"SimplePie_Item":1:{s:4:"data";a:5:{s:5:"title";s:72:"Governor Beebe Adds 13 Counties To Emergency Declaration For Crop Damage";s:11:"description";s:409:"LITTLE ROCK - Governor Mike Beebe has declared a state of emergency in an additional 13 counties in response to record-low temperatures damaging Arkansas crops in early April.  The latest declared counties include Arkansas, Clark, Conway, Faulkner, Hot Spring, La Fayette, Lee, Newton, Prairie, Randolph, Searcy, Van Buren, and White Counties.  More counties may still be added to the list as additio...<br />";s:4:"link";a:1:{s:9:"alternate";a:1:{i:0;s:79:"http://governor.arkansas.gov/newsroom/index.php?do:newsDetail=1&amp;news_id=132";}}s:7:"pubdate";i:1177045200;s:8:"category";a:1:{i:0;s:13:"News Releases";}}}i:11;O:14:"SimplePie_Item":1:{s:4:"data";a:5:{s:5:"title";s:51:"Governor Beebe Announces Intent To Grant 11 Pardons";s:11:"description";s:409:"LITTLE ROCK - Governor Mike Beebe today announced his intent to grant pardons to 11 applicants out of 57 clemency requests.  This notice begins a 30-day waiting period to receive public feedback before final action is taken.  In addition, Governor Beebe has denied 17 pardon applications and taken no action on 15 others.  Governor Beebe also denied eight requests from inmates for commutations or ot...<br />";s:4:"link";a:1:{s:9:"alternate";a:1:{i:0;s:79:"http://governor.arkansas.gov/newsroom/index.php?do:newsDetail=1&amp;news_id=133";}}s:7:"pubdate";i:1177045200;s:8:"category";a:1:{i:0;s:13:"News Releases";}}}i:12;O:14:"SimplePie_Item":1:{s:4:"data";a:5:{s:5:"title";s:73:"Governor Beebe Declares State Of Emergency In 35 Counties For Crop Damage";s:11:"description";s:409:"(LITTLE ROCK)-In response to record-low temperatures damaging Arkansas crops in early April, Governor Mike Beebe has declared a state of emergency in 35 counties.  Those counties include Benton, Boone, Bradley, Carroll, Clay, Cleburne, Cleveland, Craighead, Crawford, Crittenden, Cross, Fulton, Franklin, Greene, Independence, Izard, Jackson, Johnson, Lawrence, Logan, Lonoke, Madison, Marion, Missis...<br />";s:4:"link";a:1:{s:9:"alternate";a:1:{i:0;s:79:"http://governor.arkansas.gov/newsroom/index.php?do:newsDetail=1&amp;news_id=127";}}s:7:"pubdate";i:1176786000;s:8:"category";a:1:{i:0;s:13:"News Releases";}}}i:13;O:14:"SimplePie_Item":1:{s:4:"data";a:5:{s:5:"title";s:50:"Governor Beebe Appoints New Arkansas Drug Director";s:11:"description";s:394:"(LITTLE ROCK) - Governor Mike Beebe has named Fran Flener of Batesville as Arkansas Drug Director.

"With the increased growth and success of drug courts and other alternative-sentencing options, coordinating rehabilitation is now a more substantial component of the drug-director position," Beebe said. "Fran's extensive leadership experience in drug-rehabilitation services and other...<br />";s:4:"link";a:1:{s:9:"alternate";a:1:{i:0;s:79:"http://governor.arkansas.gov/newsroom/index.php?do:newsDetail=1&amp;news_id=126";}}s:7:"pubdate";i:1176786000;s:8:"category";a:1:{i:0;s:13:"News Releases";}}}i:14;O:14:"SimplePie_Item":1:{s:4:"data";a:5:{s:5:"title";s:66:"GOVERNOR BEEBE ANNOUNCES 21 APPOINTMENTS TO BOARDS AND COMMISSIONS";s:11:"description";s:403:"(LITTLE ROCK) - Governor Mike Beebe today announced the following appointments to Arkansas boards and commissions:

Anne Allen, Little Rock, appointed to the Arkansas Division of Volunteerism Advisory Council.  Appointment expires January 8, 2010.  Replaces Ina Brown.

Sherry Bell, Magnolia, appointed to the Arkansas Division of Volunteerism Advisory Council.  Appointment expires March 16, 2...<br />";s:4:"link";a:1:{s:9:"alternate";a:1:{i:0;s:79:"http://governor.arkansas.gov/newsroom/index.php?do:newsDetail=1&amp;news_id=123";}}s:7:"pubdate";i:1176267600;s:8:"category";a:1:{i:0;s:13:"News Releases";}}}i:15;O:14:"SimplePie_Item":1:{s:4:"data";a:5:{s:5:"title";s:60:"ARKANSAS TUSKEGEE AIRMAN TO RECEIVE CONGRESSIONAL GOLD MEDAL";s:11:"description";s:395:"LITTLE ROCK - Governor Mike Beebe today honored Little Rock native Milton Crenshaw, who will receive the Congressional Gold Medal from President Bush this Thursday for his service with the Tuskegee Airmen.  The Congressional Gold Medal is the highest civilian honor bestowed by Congress.

"Arkansas is proud of Milton Crenshaw and all Americans who served with the Tuskegee Airman," Bee...<br />";s:4:"link";a:1:{s:9:"alternate";a:1:{i:0;s:79:"http://governor.arkansas.gov/newsroom/index.php?do:newsDetail=1&amp;news_id=100";}}s:7:"pubdate";i:1174971600;s:8:"category";a:1:{i:0;s:13:"News Releases";}}}i:16;O:14:"SimplePie_Item":1:{s:4:"data";a:5:{s:5:"title";s:66:"GOVERNOR BEEBE ANNOUNCES 14 APPOINTMENTS TO BOARDS AND COMMISSIONS";s:11:"description";s:400:"(LITTLE ROCK) - Governor Mike Beebe today announced the following appointments to Arkansas boards and commissions:

Joseph Wayne Black, Newport, appointed to the Arkansas Economic Development Commission. Appointment expires January 14, 2011. Replaces Niel Crowson.

Leonard Boyle, Little Rock, appointed to the Governor's Commission on People with Disabilities. Appointment expires June 1, 2...<br />";s:4:"link";a:1:{s:9:"alternate";a:1:{i:0;s:78:"http://governor.arkansas.gov/newsroom/index.php?do:newsDetail=1&amp;news_id=98";}}s:7:"pubdate";i:1174885200;s:8:"category";a:1:{i:0;s:13:"News Releases";}}}i:17;O:14:"SimplePie_Item":1:{s:4:"data";a:5:{s:5:"title";s:66:"GOVERNOR BEEBE ANNOUNCES 17 APPOINTMENTS TO BOARDS AND COMMISSIONS";s:11:"description";s:395:"(LITTLE ROCK) - Governor Mike Beebe today announced the following appointments to Arkansas boards and commissions:

John Andrews, Walnut Ridge, appointed to the State Plant Board. Appointment expires March 17, 2009. Replaces Ray Vester.

Rick Bransford, Lonoke, appointed to the State Plant Board. Appointment expires March 17, 2009. Replaces Charles Harrod.

David Burnley, Searcy, app...<br />";s:4:"link";a:1:{s:9:"alternate";a:1:{i:0;s:78:"http://governor.arkansas.gov/newsroom/index.php?do:newsDetail=1&amp;news_id=95";}}s:7:"pubdate";i:1174539600;s:8:"category";a:1:{i:0;s:13:"News Releases";}}}i:18;O:14:"SimplePie_Item":1:{s:4:"data";a:5:{s:5:"title";s:64:"GOVERNOR BEEBE CALLS FOR REFORM IN CHILDREN'S MENTAL HEALTH CARE";s:11:"description";s:394:"(LITTLE ROCK) - Governor Mike Beebe today called for the creation of a commission to review the mental-health care of Arkansas children and make recommendations to improve the system that serves them.

"As a state, Arkansas has too many children in residential treatment for mental-health care," Beebe said. "This arrangement drains state resources without providing reliable informati...<br />";s:4:"link";a:1:{s:9:"alternate";a:1:{i:0;s:78:"http://governor.arkansas.gov/newsroom/index.php?do:newsDetail=1&amp;news_id=92";}}s:7:"pubdate";i:1174453200;s:8:"category";a:1:{i:0;s:13:"News Releases";}}}i:19;O:14:"SimplePie_Item":1:{s:4:"data";a:5:{s:5:"title";s:81:"GOVERNOR BEEBE APPOINTS NEW MEMBER TO ARKANSAS STATE UNIVERSITY BOARD OF TRUSTEES";s:11:"description";s:394:"(LITTLE ROCK) - Governor Mike Beebe has named Howard L. Slinkard of Rogers to the Board of Trustees of Arkansas State University.

"Howard Slinkard's loyal support of ASU and his experience in higher education will combine to benefit both this institution and this state," Beebe said. "I am proud to appoint Howard to the same board that I was appointed to by Governor Dale Bumpers in ...<br />";s:4:"link";a:1:{s:9:"alternate";a:1:{i:0;s:78:"http://governor.arkansas.gov/newsroom/index.php?do:newsDetail=1&amp;news_id=90";}}s:7:"pubdate";i:1174280400;s:8:"category";a:1:{i:0;s:13:"News Releases";}}}i:20;O:14:"SimplePie_Item":1:{s:4:"data";a:5:{s:5:"title";s:88:"GOVERNOR BEEBE AUTHORIZES ADDITIONAL $250,000 IN DISASTER RELIEF FUNDS FOR STORM VICTIMS";s:11:"description";s:395:"(LITTLE ROCK) - Governor Mike Beebe has issued a proclamation authorizing an additional $250,000 from the Governor's Disaster Fund to assist victims of the February 24th tornadoes and severe thunderstorms in Southeast Arkansas.

Loan assistance from the U.S. Small Business Administration is still available for storm victims.  The SBA Disaster Loan Outreach Center is open weekdays fro...<br />";s:4:"link";a:1:{s:9:"alternate";a:1:{i:0;s:78:"http://governor.arkansas.gov/newsroom/index.php?do:newsDetail=1&amp;news_id=84";}}s:7:"pubdate";i:1174280400;s:8:"category";a:1:{i:0;s:13:"News Releases";}}}i:21;O:14:"SimplePie_Item":1:{s:4:"data";a:5:{s:5:"title";s:78:"U.S. SMALL BUSINESS ADMINISTRATION MAKES DISASTER DECLARATION FOR DESHA COUNTY";s:11:"description";s:395:"(LITTLE ROCK) - Governor Mike Beebe received word from the U.S. Small Business Administration Monday afternoon that Arkansas's request for low-interest disaster loans to assist Desha County storm victims has been granted.

"I thank SBA Administrator Steven Preston for his agency's quick response to our request for help," Beebe said. "This declaration precludes us from appealing FEMA'...<br />";s:4:"link";a:1:{s:9:"alternate";a:1:{i:0;s:78:"http://governor.arkansas.gov/newsroom/index.php?do:newsDetail=1&amp;news_id=73";}}s:7:"pubdate";i:1173675600;s:8:"category";a:1:{i:0;s:13:"News Releases";}}}i:22;O:14:"SimplePie_Item":1:{s:4:"data";a:5:{s:5:"title";s:86:"GOVERNOR BEEBE STATEMENT ON FEMA'S REJECTION OF EMERGENCY DESIGNATION FOR DESHA COUNTY";s:11:"description";s:403:""Although this decision by FEMA to deny emergency funds to Desha County defies common sense, Arkansas will take care of its own people.  It is unfortunate that assistance will now depend on additional state resources instead of federal disaster programs that Arkansas taxpayers helped fund.


"We are deciding whether to appeal FEMA's decision, but that will not slow our efforts to ensure that...<br />";s:4:"link";a:1:{s:9:"alternate";a:1:{i:0;s:78:"http://governor.arkansas.gov/newsroom/index.php?do:newsDetail=1&amp;news_id=71";}}s:7:"pubdate";i:1173420000;s:8:"category";a:1:{i:0;s:13:"News Releases";}}}i:23;O:14:"SimplePie_Item":1:{s:4:"data";a:5:{s:5:"title";s:67:"ARKANSAS COUNTIES AND COMMUNITIES RECEIVE GRANTS FOR LOCAL PROJECTS";s:11:"description";s:402:"(LITTLE ROCK) - Governor Mike Beebe today presented 12 Community Development Block Grants (CDBG) totaling more than $2.8 million to Arkansas counties and communities.

"These grants allow our communities to improve quality of life and build the foundation for economic development," said Governor Beebe.  "A strong infrastructure helps make a strong case when drawing quality jobs to Arkansas....<br />";s:4:"link";a:1:{s:9:"alternate";a:1:{i:0;s:78:"http://governor.arkansas.gov/newsroom/index.php?do:newsDetail=1&amp;news_id=70";}}s:7:"pubdate";i:1173333600;s:8:"category";a:1:{i:0;s:13:"News Releases";}}}i:24;O:14:"SimplePie_Item":1:{s:4:"data";a:5:{s:5:"title";s:66:"GOVERNOR BEEBE ANNOUNCES 19 APPOINTMENTS TO BOARDS AND COMMISSIONS";s:11:"description";s:397:"(LITTLE ROCK) - Governor Mike Beebe today announced the following appointments to Arkansas boards and commissions:


Thomas Brock, Fort Smith, to the Criminal Detention Facility Review Committee, Judicial District 12.  Appointment expires January 14, 2011.  Replaces Randy Hall.


Mary Cameron, Little Rock, to the Governing Board to the Streamlined Sales Tax Administrative Act.  Replace...<br />";s:4:"link";a:1:{s:9:"alternate";a:1:{i:0;s:78:"http://governor.arkansas.gov/newsroom/index.php?do:newsDetail=1&amp;news_id=66";}}s:7:"pubdate";i:1173247200;s:8:"category";a:1:{i:0;s:13:"News Releases";}}}i:25;O:14:"SimplePie_Item":1:{s:4:"data";a:5:{s:5:"title";s:71:"DUMAS DISASTER RECOVERY CENTER RELOCATES AFTER OUTGROWING ORIGINAL SITE";s:11:"description";s:409:"(LITTLE ROCK) - The Disaster Recovery Center established in Dumas is relocating to accommodate the growing number of state workers providing initial assistance to storm victims.  Beginning at 3:00 p.m. on Thursday, the Center will now be located at the First United Methodist Church at 230 Court Street in Dumas, one block from the original site.  The Center is scheduled to remain open all day Frida...<br />";s:4:"link";a:1:{s:9:"alternate";a:1:{i:0;s:78:"http://governor.arkansas.gov/newsroom/index.php?do:newsDetail=1&amp;news_id=60";}}s:7:"pubdate";i:1172728800;s:8:"category";a:1:{i:0;s:13:"News Releases";}}}i:26;O:14:"SimplePie_Item":1:{s:4:"data";a:5:{s:5:"title";s:80:"GOVERNOR BEEBE DECLARES FOURTH COUNTY AS STATE DISASTER AREA DUE TO STORM DAMAGE";s:11:"description";s:381:"(LITTLE ROCK) - Governor Mike Beebe has added Bradley County to the list of declared state disaster areas due to thunderstorms and tornadoes last Saturday. Desha, Drew and Union Counties were declared disaster areas on Monday.

In addition, Governor Beebe has authorized $200,000 from the Governor's Disaster Fund to assist the affected cities and counties.

Storm victims...<br />";s:4:"link";a:1:{s:9:"alternate";a:1:{i:0;s:78:"http://governor.arkansas.gov/newsroom/index.php?do:newsDetail=1&amp;news_id=59";}}s:7:"pubdate";i:1172642400;s:8:"category";a:1:{i:0;s:13:"News Releases";}}}i:27;O:14:"SimplePie_Item":1:{s:4:"data";a:5:{s:5:"title";s:78:"GOVERNOR BEEBE APPOINTS NEW MEMBER TO UNIVERSITY OF ARKANSAS BOARD OF TRUSTEES";s:11:"description";s:394:"(LITTLE ROCK) - Governor Mike Beebe today named John H. Tyson of Springdale to the University of Arkansas Board of Trustees.

"John Tyson is dedicated to the University of Arkansas as both a private and corporate citizen of our state," Beebe said. "He helped lead the U of A's highly successful capital campaign and will continue to be a strong voice in guiding the future of our state...<br />";s:4:"link";a:1:{s:9:"alternate";a:1:{i:0;s:78:"http://governor.arkansas.gov/newsroom/index.php?do:newsDetail=1&amp;news_id=55";}}s:7:"pubdate";i:1172642400;s:8:"category";a:1:{i:0;s:13:"News Releases";}}}i:28;O:14:"SimplePie_Item":1:{s:4:"data";a:5:{s:5:"title";s:80:"GOVERNOR BEEBE REQUESTS FEDERAL ASSISTANCE FOR STORM VICTIMS FROM PRESIDENT BUSH";s:11:"description";s:409:"(LITTLE ROCK) - Governor Mike Beebe sent a letter to President George W. Bush today through Federal Emergency Management Officials asking for $1.5 million in federal assistance for storm victims in Desha County.  The funds would provide temporary housing, Small Business Administration disaster loans, and direct federal assistance to those suffering damage from tornadoes that hit Dumas and Back Gat...<br />";s:4:"link";a:1:{s:9:"alternate";a:1:{i:0;s:78:"http://governor.arkansas.gov/newsroom/index.php?do:newsDetail=1&amp;news_id=54";}}s:7:"pubdate";i:1172556000;s:8:"category";a:1:{i:0;s:13:"News Releases";}}}i:29;O:14:"SimplePie_Item":1:{s:4:"data";a:5:{s:5:"title";s:92:"GOVERNOR BEEBE DECLARES THREE COUNTIES DISASTER AREAS DUE TO TORNADO AND THUNDERSTORM DAMAGE";s:11:"description";s:404:"(LITTLE ROCK) - Governor Mike Beebe has declared Desha, Drew and Union Counties state disaster areas due to the damage caused by thunderstorms and tornadoes on Saturday.

Additional counties may be added as storm damage continues to be assessed throughout the coming days.

A proclamation signed by the governor will make the three counties eligible for state disaster-relief funds as they recov...<br />";s:4:"link";a:1:{s:9:"alternate";a:1:{i:0;s:78:"http://governor.arkansas.gov/newsroom/index.php?do:newsDetail=1&amp;news_id=53";}}s:7:"pubdate";i:1172469600;s:8:"category";a:1:{i:0;s:13:"News Releases";}}}i:30;O:14:"SimplePie_Item":1:{s:4:"data";a:5:{s:5:"title";s:59:"GOVERNOR BEEBE CONFIRMS NEW DIRECTOR OF WORKFORCE EDUCATION";s:11:"description";s:394:"(LITTLE ROCK) - Governor Mike Beebe has confirmed Bill Walker of Little Rock as Director of the Department of Workforce Education.

"Over the years, as an entrepreneur and business manager, Bill Walker has worked to give Arkansans employment opportunities," Beebe said. "He will continue striving to provide meaningful opportunities for our citizens so they may find the kinds of emplo...<br />";s:4:"link";a:1:{s:9:"alternate";a:1:{i:0;s:78:"http://governor.arkansas.gov/newsroom/index.php?do:newsDetail=1&amp;news_id=51";}}s:7:"pubdate";i:1172124000;s:8:"category";a:1:{i:0;s:13:"News Releases";}}}i:31;O:14:"SimplePie_Item":1:{s:4:"data";a:5:{s:5:"title";s:66:"GOVERNOR BEEBE ANNOUNCES 19 APPOINTMENTS TO BOARDS AND COMMISSIONS";s:11:"description";s:397:"(LITTLE ROCK) - Governor Mike Beebe today announced the following appointments to Arkansas boards and commissions:


Sam E. Angel II, Lake Village, to the Arkansas Rural Development Commission.  Appointment expires December 31, 2011.  Replaces Judy Brown.


Bishop Stephen M. Arnold, Little Rock, to the Arkansas State Claims Commission.  Appointment expires January 15, 2012.  Replaces H...<br />";s:4:"link";a:1:{s:9:"alternate";a:1:{i:0;s:78:"http://governor.arkansas.gov/newsroom/index.php?do:newsDetail=1&amp;news_id=50";}}s:7:"pubdate";i:1172037600;s:8:"category";a:1:{i:0;s:13:"News Releases";}}}i:32;O:14:"SimplePie_Item":1:{s:4:"data";a:5:{s:5:"title";s:67:"GOVERNOR BEEBE APPOINTS NEW ARKANSAS TOBACCO CONTROL BOARD DIRECTOR";s:11:"description";s:379:"(LITTLE ROCK) - Governor Mike Beebe has named Chief J. R. Thomas of Searcy as Director of the Arkansas Tobacco Control Board.

"J. R. Thomas has already dedicated three decades to law enforcement and will continue to serve our state well by enforcing our tobacco laws," Beebe said.

Thomas, 54, served 29 years with the Searcy Police Department, including more than 17 y...<br />";s:4:"link";a:1:{s:9:"alternate";a:1:{i:0;s:78:"http://governor.arkansas.gov/newsroom/index.php?do:newsDetail=1&amp;news_id=49";}}s:7:"pubdate";i:1172037600;s:8:"category";a:1:{i:0;s:13:"News Releases";}}}i:33;O:14:"SimplePie_Item":1:{s:4:"data";a:5:{s:5:"title";s:78:"NEW TELEPHONE SYSTEM TO CONNECT ARKANSANS TO SERVICES, VOLUNTEER OPPORTUNITIES";s:11:"description";s:407:"(LITTLE ROCK)- Governor Mike Beebe today announced a new statewide telephone system, "Arkansas 2-1-1," that, beginning this summer, will connect Arkansans with community-assistance programs and volunteer opportunities.

"Just as important as having effective social services is making sure that the people who need them know about them," Beebe said.  "This cooperative effort will provide Arkansans...<br />";s:4:"link";a:1:{s:9:"alternate";a:1:{i:0;s:78:"http://governor.arkansas.gov/newsroom/index.php?do:newsDetail=1&amp;news_id=43";}}s:7:"pubdate";i:1171519200;s:8:"category";a:1:{i:0;s:13:"News Releases";}}}i:34;O:14:"SimplePie_Item":1:{s:4:"data";a:5:{s:5:"title";s:56:"GOVERNOR BEEBE APPOINTS NEW DIRECTOR OF VETERANS AFFAIRS";s:11:"description";s:379:"(LITTLE ROCK) - Governor Mike Beebe today named David Fletcher of Monette as director of the Arkansas Department of Veterans Affairs.

"David Fletcher comes to this administration highly recommended by numerous veterans' groups in Arkansas and I agree with their high accolades for David's abilities and service," Beebe said.

Fletcher, 65, is a 29-year veteran of the U...<br />";s:4:"link";a:1:{s:9:"alternate";a:1:{i:0;s:78:"http://governor.arkansas.gov/newsroom/index.php?do:newsDetail=1&amp;news_id=40";}}s:7:"pubdate";i:1171000800;s:8:"category";a:1:{i:0;s:13:"News Releases";}}}i:35;O:14:"SimplePie_Item":1:{s:4:"data";a:5:{s:5:"title";s:66:"GOVERNOR BEEBE ANNOUNCES 16 APPOINTMENTS TO BOARDS AND COMMISSIONS";s:11:"description";s:403:"(LITTLE ROCK) - Governor Mike Beebe today announced the following appointments to Arkansas boards and commissions:

Henry Boyce, Newport, to the Arkansas Sentencing Commission.  Appointment expires May 15, 2007.

John Burkhalter, Little Rock, to the Arkansas Economic Development Commission.  Appointment expires January 14, 2011.

Dr. Bob Cogburn, Mountain Home, to the Arkansas State Medical ...<br />";s:4:"link";a:1:{s:9:"alternate";a:1:{i:0;s:78:"http://governor.arkansas.gov/newsroom/index.php?do:newsDetail=1&amp;news_id=39";}}s:7:"pubdate";i:1170828000;s:8:"category";a:1:{i:0;s:13:"News Releases";}}}i:36;O:14:"SimplePie_Item":1:{s:4:"data";a:5:{s:5:"title";s:83:"NATIONAL STUDY OF ADVANCED PLACEMENT SCORES HIGHLIGHTS ARKANSAS AS MODEL FOR CHANGE";s:11:"description";s:401:"(LITTLE ROCK)- Study results announced this morning by the College Board show Arkansas leading the nation in increasing student achievement on Advanced Placement (AP) exams during the past year.  The study highlights Arkansas as a national model for its legislation requiring all high schools to offer AP exams and requiring the state to pay for students to take those exams.

"These are the ...<br />";s:4:"link";a:1:{s:9:"alternate";a:1:{i:0;s:78:"http://governor.arkansas.gov/newsroom/index.php?do:newsDetail=1&amp;news_id=38";}}s:7:"pubdate";i:1170741600;s:8:"category";a:1:{i:0;s:13:"News Releases";}}}i:37;O:14:"SimplePie_Item":1:{s:4:"data";a:5:{s:5:"title";s:62:"Governor Beebe Announces Health and Human Services Appointment";s:11:"description";s:401:"(LITTLE ROCK)- Governor Mike Beebe today announced that he has appointed Jay Bradford of Pine Bluff to be Director of the Division of Behavioral Health Services at the Arkansas Department of Health and Human Services.

"Jay Bradford has spent more than 20 years as a tireless advocate for the health of Arkansans, especially our most vulnerable citizens," Beebe said.  "The fact that Jay is w...<br />";s:4:"link";a:1:{s:9:"alternate";a:1:{i:0;s:78:"http://governor.arkansas.gov/newsroom/index.php?do:newsDetail=1&amp;news_id=36";}}s:7:"pubdate";i:1170655200;s:8:"category";a:1:{i:0;s:13:"News Releases";}}}i:38;O:14:"SimplePie_Item":1:{s:4:"data";a:5:{s:5:"title";s:67:"STATE OF ARKANSAS INCLEMENT WEATHER POLICY IN EFFECT FOR SECOND DAY";s:11:"description";s:405:"Most state employees in Pulaski County to report at 10:00

LITTLE ROCK - Due to continued winter weather conditions in Central Arkansas overnight, Governor Mike Beebe has kept the state's Inclement Weather Policy in effect for Friday morning.

Under the Inclement Weather Policy, all non-essential personnel at state offices in Pulaski County are to report to work at 10:00 a.m.  In the rest of t...<br />";s:4:"link";a:1:{s:9:"alternate";a:1:{i:0;s:78:"http://governor.arkansas.gov/newsroom/index.php?do:newsDetail=1&amp;news_id=34";}}s:7:"pubdate";i:1170396000;s:8:"category";a:1:{i:0;s:13:"News Releases";}}}i:39;O:14:"SimplePie_Item":1:{s:4:"data";a:5:{s:5:"title";s:66:"Pope County Residents Now Eligible for Individual Grant Assistance";s:11:"description";s:405:"(LITTLE ROCK) - Governor Mike Beebe today announced that Pope County residents can now apply for individual grant assistance after the winter storm that affected Arkansas the weekend of January 13.

Pope County was one of 13 counties declared a state disaster area after the storm and is one of 12 counties that remain under that declaration.

Storm victims in Pope County can now apply for assis...<br />";s:4:"link";a:1:{s:9:"alternate";a:1:{i:0;s:78:"http://governor.arkansas.gov/newsroom/index.php?do:newsDetail=1&amp;news_id=32";}}s:7:"pubdate";i:1170309600;s:8:"category";a:1:{i:0;s:13:"News Releases";}}}i:40;O:14:"SimplePie_Item":1:{s:4:"data";a:5:{s:5:"title";s:59:"STATE OF ARKANSAS INCLEMENT WEATHER POLICY GOES INTO EFFECT";s:11:"description";s:407:"(LITTLE ROCK)- Due to snow and freezing rain in Central Arkansas overnight, Governor Mike Beebe has put the state's Inclement Weather Policy into effect for state offices.

Under the Inclement Weather Policy, all non-essential personnel at state offices in Pulaski County are to report to work at 10:00 a.m.  In the rest of the state, agency directors or the highest-level field supervisor will det...<br />";s:4:"link";a:1:{s:9:"alternate";a:1:{i:0;s:78:"http://governor.arkansas.gov/newsroom/index.php?do:newsDetail=1&amp;news_id=31";}}s:7:"pubdate";i:1170309600;s:8:"category";a:1:{i:0;s:13:"News Releases";}}}i:41;O:14:"SimplePie_Item":1:{s:4:"data";a:5:{s:5:"title";s:38:"Governor Beebe Names New ADED Director";s:11:"description";s:402:"(LITTLE ROCK)- Governor Mike Beebe today named Maria Haley as the new director for the Arkansas Department of Economic Development.

"Maria Haley will open doors around the world for Arkansas," Beebe said.  "With economic development so vital to our State's future, Maria's unique and global experience will help create the opportunities our state needs to attract new business to Arkansas."

...<br />";s:4:"link";a:1:{s:9:"alternate";a:1:{i:0;s:78:"http://governor.arkansas.gov/newsroom/index.php?do:newsDetail=1&amp;news_id=30";}}s:7:"pubdate";i:1170223200;s:8:"category";a:1:{i:0;s:13:"News Releases";}}}i:42;O:14:"SimplePie_Item":1:{s:4:"data";a:5:{s:5:"title";s:66:"Governor Beebe Appoints ADEQ Director, Public Service Commissioner";s:11:"description";s:407:"(LITTLE ROCK) - Governor Mike Beebe today named Teresa Marks of Little Rock as director of the Arkansas Department of Environmental Quality and Paul Suskie of North Little Rock to the Arkansas Public Service Commission.

Marks, 49, has spent the past four years as the Deputy Attorney General for Public Protection in the Arkansas Attorney General's Office.  In 2003, she helped negotiate an agreem...<br />";s:4:"link";a:1:{s:9:"alternate";a:1:{i:0;s:78:"http://governor.arkansas.gov/newsroom/index.php?do:newsDetail=1&amp;news_id=29";}}s:7:"pubdate";i:1170136800;s:8:"category";a:1:{i:0;s:13:"News Releases";}}}i:43;O:14:"SimplePie_Item":1:{s:4:"data";a:5:{s:5:"title";s:41:"Governor Beebe Names New Adjutant General";s:11:"description";s:407:"(LITTLE ROCK)- Governor Mike Beebe today named Major General Bill Wofford as the new Adjutant General for the Arkansas National Guard.

"Major General Wofford has given more than 35 years of his life in service to our nation and has demonstrated exceptional leadership and management skills during that service," Beebe said.  "Since joining the Arkansas Army National Guard in December 1975, Bill h...<br />";s:4:"link";a:1:{s:9:"alternate";a:1:{i:0;s:78:"http://governor.arkansas.gov/newsroom/index.php?do:newsDetail=1&amp;news_id=24";}}s:7:"pubdate";i:1169791200;s:8:"category";a:1:{i:0;s:13:"News Releases";}}}i:44;O:14:"SimplePie_Item":1:{s:4:"data";a:5:{s:5:"title";s:47:"Beebe Appoints Judge to Fifth Judicial District";s:11:"description";s:406:"(LITTLE ROCK) - Governor Mike Beebe today named James D. Kennedy of Russellville as Circuit Judge for the Fifth Judicial District, First Division.

Kennedy, 51, has served as a deputy prosecutor in the Fifth Judicial District, as Danville City Attorney and has been in private practice for more than 20 years.  A graduate of the University of Arkansas School of Law, Kennedy is past president of t...<br />";s:4:"link";a:1:{s:9:"alternate";a:1:{i:0;s:78:"http://governor.arkansas.gov/newsroom/index.php?do:newsDetail=1&amp;news_id=27";}}s:7:"pubdate";i:1169791200;s:8:"category";a:1:{i:0;s:13:"News Releases";}}}i:45;O:14:"SimplePie_Item":1:{s:4:"data";a:5:{s:5:"title";s:87:"Beebe Appoints State Police Commissioner, Workers Compensation Administrative Law Judge";s:11:"description";s:406:"(LITTLE ROCK) - Governor Mike Beebe today named Jane Christenson of Harrison to the Arkansas State Police Commission and Chandra Hicks of Little Rock as the newest Administrative Law Judge for the Arkansas Workers' Compensation Commission.

Christenson, 55, is the publisher of the Newton County Times and holds multiple positions at the Harrison Daily Times.  She has served on the Arkansas State...<br />";s:4:"link";a:1:{s:9:"alternate";a:1:{i:0;s:78:"http://governor.arkansas.gov/newsroom/index.php?do:newsDetail=1&amp;news_id=25";}}s:7:"pubdate";i:1169791200;s:8:"category";a:1:{i:0;s:13:"News Releases";}}}i:46;O:14:"SimplePie_Item":1:{s:4:"data";a:5:{s:5:"title";s:89:"Governor Beebe Applauds Success of the Arkansas Better Chance Program, Proposes Expansion";s:11:"description";s:406:"(LITTLE ROCK) - An independent study announced today shows that the Arkansas Better Chance (ABC) program has produced significant improvements in the literacy, early language and math skills of pre-kindergarten students in Arkansas.  To further expand the program, Governor Mike Beebe has included an additional $40 million in funding for ABC in his proposed budget.

"This study is exciting and e...<br />";s:4:"link";a:1:{s:9:"alternate";a:1:{i:0;s:78:"http://governor.arkansas.gov/newsroom/index.php?do:newsDetail=1&amp;news_id=23";}}s:7:"pubdate";i:1169704800;s:8:"category";a:1:{i:0;s:13:"News Releases";}}}i:47;O:14:"SimplePie_Item":1:{s:4:"data";a:5:{s:5:"title";s:77:"Governor Beebe Releases Funds for Hazard Mitigation Projects in Nine Counties";s:11:"description";s:401:"(LITTLE ROCK) - Governor Mike Beebe today approved the release of more than $600,000 from his Hazard Mitigation Fund to provide matching funds for infrastructure projects in nine Arkansas counties and for statewide planning.

The disbursements include the following, all of which are the state portions of fund-matching projects:

$40,000 to Arkansas County to replace a wooden bridge.
$17,00...<br />";s:4:"link";a:1:{s:9:"alternate";a:1:{i:0;s:78:"http://governor.arkansas.gov/newsroom/index.php?do:newsDetail=1&amp;news_id=22";}}s:7:"pubdate";i:1169618400;s:8:"category";a:1:{i:0;s:13:"News Releases";}}}i:48;O:14:"SimplePie_Item":1:{s:4:"data";a:5:{s:5:"title";s:85:"Beebe Urges Congressional Delegation to Preserve Low Income Energy Assistance Funding";s:11:"description";s:404:"(LITTLE ROCK) - Governor Mike Beebe has written to all six members of Arkansas' Congressional Delegation, urging them to fight to maintain full funding for the federal Low Income Home Energy Assistance Program, also known as LIHEAP.  The continuing budget resolution currently funding LIHEAP expires on February 15th, 2007.

"Unless LIHEAP's national appropriation holds constant at $3.2 billion...<br />";s:4:"link";a:1:{s:9:"alternate";a:1:{i:0;s:78:"http://governor.arkansas.gov/newsroom/index.php?do:newsDetail=1&amp;news_id=21";}}s:7:"pubdate";i:1169618400;s:8:"category";a:1:{i:0;s:13:"News Releases";}}}i:49;O:14:"SimplePie_Item":1:{s:4:"data";a:5:{s:5:"title";s:59:"Governor Beebe Makes Appointments to Boards and Commissions";s:11:"description";s:403:"(LITTLE ROCK) - Governor Mike Beebe today announced the following appointments to Arkansas boards and commissions:

Charles Black, Texarkana, to the Red River Commission.  Appointment expires January 14, 2014.

Dr. Harold Chakales, Little Rock, to the University of Central Arkansas Board of Trustees.  Appointment expires January 14, 2014.

Wayne Dowd, Texarkana, to the Red River Commission. ...<br />";s:4:"link";a:1:{s:9:"alternate";a:1:{i:0;s:78:"http://governor.arkansas.gov/newsroom/index.php?do:newsDetail=1&amp;news_id=20";}}s:7:"pubdate";i:1169532000;s:8:"category";a:1:{i:0;s:13:"News Releases";}}}i:50;O:14:"SimplePie_Item":1:{s:4:"data";a:5:{s:5:"title";s:70:"Governor Beebe Adds Woodruff County to List of Declared Disaster Areas";s:11:"description";s:407:"(LITTLE ROCK) - Governor Mike Beebe has added Woodruff County to the list of declared state disaster areas due to flooding and ice over the holiday weekend of  January 13th-15th.  This brings the total number of declared counties to 13.  Benton, Cross, Franklin, Greene, Jackson, Miller, Prairie, Pope, Scott, Searcy, Van Buren and White Counties were declared disaster areas last week.

Additional...<br />";s:4:"link";a:1:{s:9:"alternate";a:1:{i:0;s:78:"http://governor.arkansas.gov/newsroom/index.php?do:newsDetail=1&amp;news_id=19";}}s:7:"pubdate";i:1169445600;s:8:"category";a:1:{i:0;s:13:"News Releases";}}}i:51;O:14:"SimplePie_Item":1:{s:4:"data";a:5:{s:5:"title";s:69:"Beebe Appoints Jon Fitch Director of Livestock and Poultry Commission";s:11:"description";s:403:"(LITTLE ROCK) - Governor Mike Beebe today named Jon Fitch of Hindsville as the new director of the Arkansas Livestock and Poultry Commission.

"Jon Fitch has dedicated his professional life to two causes:  agriculture and public service," Beebe said. "He has the experience in both the halls of state government and the fields of his family farm to serve our state and this department well."

F...<br />";s:4:"link";a:1:{s:9:"alternate";a:1:{i:0;s:78:"http://governor.arkansas.gov/newsroom/index.php?do:newsDetail=1&amp;news_id=18";}}s:7:"pubdate";i:1169445600;s:8:"category";a:1:{i:0;s:13:"News Releases";}}}i:52;O:14:"SimplePie_Item":1:{s:4:"data";a:6:{s:5:"title";s:59:"Beebe Appoints Cliff Hoofman to Arkansas Highway Commission";s:11:"description";s:406:"(LITTLE ROCK) - Governor Mike Beebe today named Cliff Hoofman of North Little Rock to the Arkansas Highway Commission.

"Cliff Hoofman has dedicated last past 30 years to public service, possesses a deep love for Arkansas, and brings an experienced voice to the Highway Commission," Beebe said. "Good highways open clear paths to help Arkansas navigate the global economy, and Cliff Hoofman will h...<br />";s:4:"link";a:1:{s:9:"alternate";a:1:{i:0;s:78:"http://governor.arkansas.gov/newsroom/index.php?do:newsDetail=1&amp;news_id=16";}}s:10:"enclosures";a:1:{i:0;O:19:"SimplePie_Enclosure":3:{s:4:"link";s:55:"http://governor.arkansas.gov/newsroom/files/hoofman.jpg";s:4:"type";s:10:"audio/mpeg";s:6:"length";s:1:"1";}}s:7:"pubdate";i:1169100000;s:8:"category";a:1:{i:0;s:13:"News Releases";}}}i:53;O:14:"SimplePie_Item":1:{s:4:"data";a:6:{s:5:"title";s:62:"Governor Beebe Submits Balanced Budget to Arkansas Legislature";s:11:"description";s:405:"(LITTLE ROCK) - Governor Mike Beebe submitted his balanced budget Wednesday morning to the General Assembly's Joint Budget Committee.

"This budget aims to move Arkansas forward and benefit all Arkansans while emphasizing new initiatives in key areas of service," Beebe said.  "By including the grocery tax cut in the balanced budget, we are building the foundation to ensure that this tax relief...<br />";s:4:"link";a:1:{s:9:"alternate";a:1:{i:0;s:78:"http://governor.arkansas.gov/newsroom/index.php?do:newsDetail=1&amp;news_id=15";}}s:10:"enclosures";a:1:{i:0;O:19:"SimplePie_Enclosure":3:{s:4:"link";s:55:"http://governor.arkansas.gov/newsroom/files/hoofman.jpg";s:4:"type";s:10:"audio/mpeg";s:6:"length";s:1:"1";}}s:7:"pubdate";i:1169013600;s:8:"category";a:1:{i:0;s:13:"News Releases";}}}i:54;O:14:"SimplePie_Item":1:{s:4:"data";a:6:{s:5:"title";s:77:"Governor Beebe Declares Seven Counties Disaster Areas Due to Ice and Flooding";s:11:"description";s:405:"(LITTLE ROCK) - Governor Mike Beebe has declared Benton, Cross, Greene, Jackson, Miller, Scott and White Counties state disaster areas because of flooding and ice during the holiday weekend.

Additional counties may be added as flood levels drop to allow assessment of currently flooded roads and bridges.

The proclamation signed by the governor will make the seven counties eligible for public ...<br />";s:4:"link";a:1:{s:9:"alternate";a:1:{i:0;s:78:"http://governor.arkansas.gov/newsroom/index.php?do:newsDetail=1&amp;news_id=14";}}s:10:"enclosures";a:1:{i:0;O:19:"SimplePie_Enclosure":3:{s:4:"link";s:55:"http://governor.arkansas.gov/newsroom/files/hoofman.jpg";s:4:"type";s:10:"audio/mpeg";s:6:"length";s:1:"1";}}s:7:"pubdate";i:1169013600;s:8:"category";a:1:{i:0;s:13:"News Releases";}}}i:55;O:14:"SimplePie_Item":1:{s:4:"data";a:6:{s:5:"title";s:81:"Beebe Finds No Reason To Withold Documents: Governor Releases Zeno Case Materials";s:11:"description";s:399:"(LITTLE ROCK) - Governor Mike Beebe today announced the release of documents from an investigation of Lary Zeno, former Arkansas Parole Board member.  Zeno resigned his position in May.

The Arkansas Democrat-Gazette sued former Governor Mike Huckabee and the state Parole Board for withholding documents regarding the resignation.

"I believe in the transparency of government and I suppor...<br />";s:4:"link";a:1:{s:9:"alternate";a:1:{i:0;s:78:"http://governor.arkansas.gov/newsroom/index.php?do:newsDetail=1&amp;news_id=13";}}s:10:"enclosures";a:1:{i:0;O:19:"SimplePie_Enclosure":3:{s:4:"link";s:55:"http://governor.arkansas.gov/newsroom/files/hoofman.jpg";s:4:"type";s:10:"audio/mpeg";s:6:"length";s:1:"1";}}s:7:"pubdate";i:1168495200;s:8:"category";a:1:{i:0;s:13:"News Releases";}}}}s:3:"url";s:60:"http://governor.arkansas.gov/newsroom/files/newsreleases.xml";}